<?xml version="1.0" encoding="UTF-8"?>
<testng-results ignored="0" total="1" passed="1" failed="0" skipped="0">
  <reporter-output>
  </reporter-output>
  <suite started-at="2023-10-06T10:19:44 GMT-08:00" name="Default suite" finished-at="2023-10-06T10:20:31 GMT-08:00" duration-ms="47049">
    <groups>
    </groups>
    <test started-at="2023-10-06T10:19:44 GMT-08:00" name="Default test" finished-at="2023-10-06T10:20:31 GMT-08:00" duration-ms="47049">
      <class name="test.RegisterTest">
        <test-method is-config="true" signature="beforeMethod()[pri:0, instance:test.RegisterTest@71238fc2]" started-at="2023-10-06T10:19:44 GMT-08:00" name="beforeMethod" finished-at="2023-10-06T10:20:17 GMT-08:00" duration-ms="32937" status="PASS">
          <reporter-output>
          </reporter-output>
        </test-method> <!-- beforeMethod -->
        <test-method signature="f()[pri:0, instance:test.RegisterTest@71238fc2]" started-at="2023-10-06T10:20:17 GMT-08:00" name="f" finished-at="2023-10-06T10:20:29 GMT-08:00" duration-ms="12040" status="PASS">
          <reporter-output>
          </reporter-output>
        </test-method> <!-- f -->
        <test-method is-config="true" signature="afterMethod()[pri:0, instance:test.RegisterTest@71238fc2]" started-at="2023-10-06T10:20:29 GMT-08:00" name="afterMethod" finished-at="2023-10-06T10:20:31 GMT-08:00" duration-ms="1937" status="PASS">
          <reporter-output>
          </reporter-output>
        </test-method> <!-- afterMethod -->
      </class> <!-- test.RegisterTest -->
    </test> <!-- Default test -->
  </suite> <!-- Default suite -->
</testng-results>
